title <-- Back
find --set-root /menu.lst
configfile /menu.lst

title SystemRescueCd 3.0.0
find --set-root /boot/Live/systemrescuecd-x86-3.0.0.iso
map /boot/Live/systemrescuecd-x86-3.0.0.iso (0xff) || map --mem /boot/Live/systemrescuecd-x86-3.0.0.iso (0xff)
map --hook
root (0xff)
kernel /isolinux/rescue32 isoloop=boot/Live/systemrescuecd-x86-3.0.0.iso setkmap=us dostartx
initrd /isolinux/initram.igz

title SystemRescueCd 3.0.0 64-bit kernel
find --set-root /boot/Live/systemrescuecd-x86-3.0.0.iso
map /boot/Live/systemrescuecd-x86-3.0.0.iso (0xff) || map --mem /boot/Live/systemrescuecd-x86-3.0.0.iso (0xff)
map --hook
root (0xff)
kernel /isolinux/rescue64 isoloop=/boot/Live/systemrescuecd-x86-3.0.0.iso setkmap=us dostartx
initrd /isolinux/initram.igz

title ALT Linux server light Rescue i586 
find --set-root /boot/Install/ALTLinux_server_light/Platform6-1.1.7-20110616-server-light-i586-ru-install-cd.iso
map /boot/Install/ALTLinux_server_light/Platform6-1.1.7-20110616-server-light-i586-ru-install-cd.iso (0xff) || map --mem /boot/Install/ALTLinux_server_light/Platform6-1.1.7-20110616-server-light-i586-ru-install-cd.iso (0xff)
map --hook
root (0xff)
kernel /syslinux/alt0/vmlinuz live ramdisk_size=83207 fastboot stagename=rescue showopts automatic=method:disk,uuid:709D-37F7,directory:/boot/Install/ALTLinux_server_light/Platform6-1.1.7-20110616-server-light-i586-ru-install-cd.iso
initrd /syslinux/alt0/full.cz

title ALT Linux server light Rescue x86_64
find --set-root /boot/Install/ALTLinux_server_light/Platform6-1.1.7-20110616-server-light-x86_64-ru-install-cd.iso
map /boot/Install/ALTLinux_server_light/Platform6-1.1.7-20110616-server-light-x86_64-ru-install-cd.iso (0xff) || map --mem /boot/Install/ALTLinux_server_light/Platform6-1.1.7-20110616-server-light-x86_64-ru-install-cd.iso (0xff)
map --hook
root (0xff)
kernel /syslinux/alt0/vmlinuz live ramdisk_size=83207 fastboot stagename=rescue showopts automatic=method:disk,uuid:709D-37F7,directory:/boot/Install/ALTLinux_server_light/Platform6-1.1.7-20110616-server-light-x86_64-ru-install-cd.iso
initrd /syslinux/alt0/full.cz

title GParted Live 0.13.1
find --set-root /boot/Live/gparted-live-0.13.1-2.iso
map /boot/Live/gparted-live-0.13.1-2.iso (0xff) || map --mem /boot/Live/gparted-live-0.13.1-2.iso (0xff)
map --hook
root (0xff)
kernel /live/vmlinuz  boot=live config union=aufs noswap noprompt vga=788 ip=frommedia findiso=/boot/Live/gparted-live-0.13.1-2.iso toram=filesystem.squashfs
initrd /live/initrd.img

title Clonezilla Live 1.2.12-67
find --set-root /boot/Live/clonezilla-live-20120620-precise.iso
map /boot/Live/clonezilla-live-20120620-precise.iso (0xff) || map --mem /boot/Live/clonezilla-live-20120620-precise.iso (0xff)
map --hook
root (0xff)
kernel /live/vmlinuz boot=live hostname=precise config union=overlayfs quiet noswap nolocales edd=on nomodeset noprompt ocs_live_run="ocs-live-general" ocs_live_extra_param="" ocs_live_keymap="" ocs_live_batch="no" ocs_lang="" video=uvesafb:mode_option=800x600-16 ip=frommedia  nosplash findiso=/boot/Live/clonezilla-live-20120620-precise.iso toram=filesystem.squashfs
initrd /live/initrd.img

title DBAN 2.2.6 i586
find --set-root /boot/Live/dban-2.2.6_i586.iso
map --mem /boot/Live/dban-2.2.6_i586.iso (hd32)
map --hook
root (hd32)
chainloader (hd32)

title WINPE_Se7enLIVE
map (hd0,0)/boot/Live/WINPE_Se7enLIVE.iso (hd32)
map --hook
root (hd32)
chainloader (hd32)
boot

title Magic Boot Disk 2.0
map (hd0,0)/boot/Live/Magic_Boot_Disk_ISO_v2.0.iso (hd32)
map --hook
root (hd32)
chainloader (hd32)
boot

title FreeDOS 1.1
find --set-root /boot/Live/fd11src.iso
map /boot/Live/fd11src.iso (0xff) || map --mem /boot/Live/fd11src.iso (0xff)
map --hook
root (0xff)
kernel /isolinux/memdisk
initrd /isolinux/fdboot.img
